[2026-03-24T01:58:20.974Z] [info] LegacyDataMixin will be applied to all legacy elements.
Set `_legacyUndefinedCheck: true` on element class to enable.
[2026-03-24T01:58:21.532Z] [error] Failed to load resource: the server responded with a status of 405 ()
[2026-03-24T01:58:21.858Z] [error] Failed to load resource: the server responded with a status of 405 ()
[2026-03-24T01:58:22.007Z] [error] Failed to load resource: net::ERR_SSL_PROTOCOL_ERROR
[2026-03-24T01:58:22.103Z] [error] Failed to load resource: the server responded with a status of 405 ()
[2026-03-24T01:58:22.420Z] [error] Failed to load resource: the server responded with a status of 403 ()
[2026-03-24T01:58:25.531Z] [error] Failed to load resource: net::ERR_SSL_PROTOCOL_ERROR
[2026-03-24T01:58:34.801Z] [info] LegacyDataMixin will be applied to all legacy elements.
Set `_legacyUndefinedCheck: true` on element class to enable.
[2026-03-24T01:58:35.800Z] [error] Failed to load resource: net::ERR_SSL_PROTOCOL_ERROR
[2026-03-24T01:58:36.171Z] [error] Failed to load resource: net::ERR_SSL_PROTOCOL_ERROR
[2026-03-24T01:58:36.601Z] [error] Failed to load resource: the server responded with a status of 403 (Forbidden)
[2026-03-24T01:58:36.629Z] [error] Failed to load resource: the server responded with a status of 403 (Forbidden)
[2026-03-24T01:58:36.700Z] [error] Failed to load resource: net::ERR_SSL_PROTOCOL_ERROR
[2026-03-24T01:58:38.232Z] [error] Failed to load resource: the server responded with a status of 403 (Forbidden)
[2026-03-24T01:58:38.382Z] [error] Failed to load resource: the server responded with a status of 403 (Forbidden)
[2026-03-24T01:58:39.956Z] [error] Failed to load resource: the server responded with a status of 403 (Forbidden)
[2026-03-24T01:58:40.211Z] [error] Failed to load resource: the server responded with a status of 403 (Forbidden)
[2026-03-24T02:00:37.128Z] [error] Failed to load resource: net::ERR_SSL_PROTOCOL_ERROR
